{"C:\\Projects\\movie-lobby-api\\src\\app.ts": {"path":"C:\\Projects\\movie-lobby-api\\src\\app.ts","statementMap":{"0":{"start":{"line":1,"column":0},"end":{"line":1,"column":30}},"1":{"start":{"line":3,"column":0},"end":{"line":3,"column":28}},"2":{"start":{"line":4,"column":0},"end":{"line":4,"column":37}},"3":{"start":{"line":5,"column":0},"end":{"line":5,"column":24}},"4":{"start":{"line":7,"column":0},"end":{"line":7,"column":42}},"5":{"start":{"line":9,"column":0},"end":{"line":9,"column":16}},"6":{"start":{"line":11,"column":12},"end":{"line":11,"column":21}},"7":{"start":{"line":12,"column":13},"end":{"line":12,"column":37}},"8":{"start":{"line":14,"column":0},"end":{"line":14,"column":null}},"9":{"start":{"line":15,"column":0},"end":{"line":15,"column":null}},"10":{"start":{"line":18,"column":0},"end":{"line":18,"column":null}},"11":{"start":{"line":20,"column":0},"end":{"line":20,"column":19}}},"fnMap":{},"branchMap":{"0":{"loc":{"start":{"line":12,"column":13},"end":{"line":12,"column":37}},"type":"binary-expr","locations":[{"start":{"line":12,"column":13},"end":{"line":12,"column":29}},{"start":{"line":12,"column":33},"end":{"line":12,"column":37}}]}},"s":{"0":1,"1":1,"2":1,"3":1,"4":1,"5":1,"6":1,"7":1,"8":1,"9":1,"10":1,"11":1},"f":{},"b":{"0":[1,0]}}
,"C:\\Projects\\movie-lobby-api\\src\\controllers\\movieController.ts": {"path":"C:\\Projects\\movie-lobby-api\\src\\controllers\\movieController.ts","statementMap":{"0":{"start":{"line":2,"column":0},"end":{"line":2,"column":48}},"1":{"start":{"line":4,"column":25},"end":{"line":11,"column":2}},"2":{"start":{"line":4,"column":78},"end":{"line":11,"column":2}},"3":{"start":{"line":5,"column":2},"end":{"line":10,"column":3}},"4":{"start":{"line":6,"column":29},"end":{"line":6,"column":47}},"5":{"start":{"line":7,"column":4},"end":{"line":7,"column":21}},"6":{"start":{"line":9,"column":4},"end":{"line":9,"column":41}},"7":{"start":{"line":4,"column":13},"end":{"line":4,"column":25}},"8":{"start":{"line":13,"column":28},"end":{"line":26,"column":2}},"9":{"start":{"line":13,"column":81},"end":{"line":26,"column":2}},"10":{"start":{"line":14,"column":16},"end":{"line":14,"column":45}},"11":{"start":{"line":15,"column":2},"end":{"line":25,"column":3}},"12":{"start":{"line":16,"column":29},"end":{"line":21,"column":6}},"13":{"start":{"line":22,"column":4},"end":{"line":22,"column":21}},"14":{"start":{"line":24,"column":4},"end":{"line":24,"column":41}},"15":{"start":{"line":13,"column":13},"end":{"line":13,"column":28}},"16":{"start":{"line":28,"column":24},"end":{"line":41,"column":2}},"17":{"start":{"line":28,"column":77},"end":{"line":41,"column":2}},"18":{"start":{"line":29,"column":2},"end":{"line":32,"column":1}},"19":{"start":{"line":30,"column":4},"end":{"line":30,"column":65}},"20":{"start":{"line":31,"column":4},"end":{"line":31,"column":10}},"21":{"start":{"line":33,"column":50},"end":{"line":33,"column":58}},"22":{"start":{"line":34,"column":16},"end":{"line":34,"column":66}},"23":{"start":{"line":35,"column":2},"end":{"line":40,"column":3}},"24":{"start":{"line":36,"column":23},"end":{"line":36,"column":41}},"25":{"start":{"line":37,"column":4},"end":{"line":37,"column":25}},"26":{"start":{"line":39,"column":4},"end":{"line":39,"column":41}},"27":{"start":{"line":28,"column":13},"end":{"line":28,"column":24}},"28":{"start":{"line":43,"column":27},"end":{"line":61,"column":2}},"29":{"start":{"line":43,"column":80},"end":{"line":61,"column":2}},"30":{"start":{"line":44,"column":2},"end":{"line":47,"column":3}},"31":{"start":{"line":45,"column":5},"end":{"line":45,"column":66}},"32":{"start":{"line":46,"column":5},"end":{"line":46,"column":11}},"33":{"start":{"line":48,"column":17},"end":{"line":48,"column":27}},"34":{"start":{"line":49,"column":2},"end":{"line":60,"column":3}},"35":{"start":{"line":50,"column":25},"end":{"line":52,"column":6}},"36":{"start":{"line":53,"column":4},"end":{"line":57,"column":5}},"37":{"start":{"line":54,"column":6},"end":{"line":54,"column":57}},"38":{"start":{"line":56,"column":6},"end":{"line":56,"column":29}},"39":{"start":{"line":59,"column":4},"end":{"line":59,"column":41}},"40":{"start":{"line":43,"column":13},"end":{"line":43,"column":27}},"41":{"start":{"line":63,"column":27},"end":{"line":87,"column":4}},"42":{"start":{"line":63,"column":80},"end":{"line":87,"column":4}},"43":{"start":{"line":65,"column":4},"end":{"line":68,"column":5}},"44":{"start":{"line":66,"column":6},"end":{"line":66,"column":67}},"45":{"start":{"line":67,"column":6},"end":{"line":67,"column":13}},"46":{"start":{"line":70,"column":19},"end":{"line":70,"column":29}},"47":{"start":{"line":71,"column":4},"end":{"line":86,"column":5}},"48":{"start":{"line":73,"column":27},"end":{"line":73,"column":60}},"49":{"start":{"line":76,"column":6},"end":{"line":79,"column":7}},"50":{"start":{"line":77,"column":8},"end":{"line":77,"column":59}},"51":{"start":{"line":78,"column":8},"end":{"line":78,"column":15}},"52":{"start":{"line":82,"column":6},"end":{"line":82,"column":59}},"53":{"start":{"line":85,"column":6},"end":{"line":85,"column":43}},"54":{"start":{"line":63,"column":13},"end":{"line":63,"column":27}}},"fnMap":{"0":{"name":"(anonymous_8)","decl":{"start":{"line":4,"column":25},"end":{"line":4,"column":32}},"loc":{"start":{"line":4,"column":78},"end":{"line":11,"column":2}}},"1":{"name":"(anonymous_9)","decl":{"start":{"line":4,"column":78},"end":{"line":4,"column":null}},"loc":{"start":{"line":4,"column":78},"end":{"line":11,"column":1}}},"2":{"name":"(anonymous_10)","decl":{"start":{"line":13,"column":28},"end":{"line":13,"column":35}},"loc":{"start":{"line":13,"column":81},"end":{"line":26,"column":2}}},"3":{"name":"(anonymous_11)","decl":{"start":{"line":13,"column":81},"end":{"line":13,"column":null}},"loc":{"start":{"line":13,"column":81},"end":{"line":26,"column":1}}},"4":{"name":"(anonymous_12)","decl":{"start":{"line":28,"column":24},"end":{"line":28,"column":31}},"loc":{"start":{"line":28,"column":77},"end":{"line":41,"column":2}}},"5":{"name":"(anonymous_13)","decl":{"start":{"line":28,"column":77},"end":{"line":28,"column":null}},"loc":{"start":{"line":28,"column":77},"end":{"line":41,"column":1}}},"6":{"name":"(anonymous_14)","decl":{"start":{"line":43,"column":27},"end":{"line":43,"column":34}},"loc":{"start":{"line":43,"column":80},"end":{"line":61,"column":2}}},"7":{"name":"(anonymous_15)","decl":{"start":{"line":43,"column":80},"end":{"line":43,"column":null}},"loc":{"start":{"line":43,"column":80},"end":{"line":61,"column":1}}},"8":{"name":"(anonymous_16)","decl":{"start":{"line":63,"column":27},"end":{"line":63,"column":34}},"loc":{"start":{"line":63,"column":80},"end":{"line":87,"column":4}}},"9":{"name":"(anonymous_17)","decl":{"start":{"line":63,"column":80},"end":{"line":63,"column":null}},"loc":{"start":{"line":63,"column":80},"end":{"line":87,"column":3}}}},"branchMap":{"0":{"loc":{"start":{"line":14,"column":16},"end":{"line":14,"column":45}},"type":"binary-expr","locations":[{"start":{"line":14,"column":16},"end":{"line":14,"column":39}},{"start":{"line":14,"column":43},"end":{"line":14,"column":45}}]},"1":{"loc":{"start":{"line":14,"column":16},"end":{"line":14,"column":39}},"type":"cond-expr","locations":[{"start":{"line":14,"column":27},"end":{"line":14,"column":29}},{"start":{"line":14,"column":27},"end":{"line":14,"column":39}}]},"2":{"loc":{"start":{"line":14,"column":16},"end":{"line":14,"column":29}},"type":"binary-expr","locations":[{"start":{"line":14,"column":16},"end":{"line":14,"column":29}},{"start":{"line":14,"column":27},"end":{"line":14,"column":29}}]},"3":{"loc":{"start":{"line":29,"column":2},"end":{"line":32,"column":1}},"type":"if","locations":[{"start":{"line":29,"column":2},"end":{"line":32,"column":1}}]},"4":{"loc":{"start":{"line":29,"column":6},"end":{"line":29,"column":60}},"type":"binary-expr","locations":[{"start":{"line":29,"column":6},"end":{"line":29,"column":26}},{"start":{"line":29,"column":30},"end":{"line":29,"column":60}}]},"5":{"loc":{"start":{"line":44,"column":2},"end":{"line":47,"column":3}},"type":"if","locations":[{"start":{"line":44,"column":2},"end":{"line":47,"column":3}}]},"6":{"loc":{"start":{"line":44,"column":6},"end":{"line":44,"column":60}},"type":"binary-expr","locations":[{"start":{"line":44,"column":6},"end":{"line":44,"column":26}},{"start":{"line":44,"column":30},"end":{"line":44,"column":60}}]},"7":{"loc":{"start":{"line":53,"column":4},"end":{"line":57,"column":5}},"type":"if","locations":[{"start":{"line":53,"column":4},"end":{"line":57,"column":5}},{"start":{"line":55,"column":11},"end":{"line":57,"column":5}}]},"8":{"loc":{"start":{"line":65,"column":4},"end":{"line":68,"column":5}},"type":"if","locations":[{"start":{"line":65,"column":4},"end":{"line":68,"column":5}}]},"9":{"loc":{"start":{"line":65,"column":8},"end":{"line":65,"column":62}},"type":"binary-expr","locations":[{"start":{"line":65,"column":8},"end":{"line":65,"column":28}},{"start":{"line":65,"column":32},"end":{"line":65,"column":62}}]},"10":{"loc":{"start":{"line":76,"column":6},"end":{"line":79,"column":7}},"type":"if","locations":[{"start":{"line":76,"column":6},"end":{"line":79,"column":7}}]}},"s":{"0":1,"1":1,"2":1,"3":1,"4":1,"5":1,"6":0,"7":1,"8":1,"9":0,"10":0,"11":0,"12":0,"13":0,"14":0,"15":1,"16":1,"17":2,"18":2,"19":1,"20":1,"21":1,"22":1,"23":1,"24":1,"25":1,"26":0,"27":1,"28":1,"29":0,"30":0,"31":0,"32":0,"33":0,"34":0,"35":0,"36":0,"37":0,"38":0,"39":0,"40":1,"41":1,"42":0,"43":0,"44":0,"45":0,"46":0,"47":0,"48":0,"49":0,"50":0,"51":0,"52":0,"53":0,"54":1},"f":{"0":1,"1":1,"2":0,"3":0,"4":2,"5":2,"6":0,"7":0,"8":0,"9":0},"b":{"0":[0,0],"1":[0,0],"2":[0,0],"3":[1],"4":[2,1],"5":[0],"6":[0,0],"7":[0,0],"8":[0],"9":[0,0],"10":[0]}}
,"C:\\Projects\\movie-lobby-api\\src\\models\\movie.ts": {"path":"C:\\Projects\\movie-lobby-api\\src\\models\\movie.ts","statementMap":{"0":{"start":{"line":1,"column":0},"end":{"line":1,"column":54}},"1":{"start":{"line":10,"column":28},"end":{"line":15,"column":2}},"2":{"start":{"line":17,"column":0},"end":{"line":17,"column":60}}},"fnMap":{},"branchMap":{},"s":{"0":2,"1":2,"2":2},"f":{},"b":{}}
,"C:\\Projects\\movie-lobby-api\\src\\routes\\movies.ts": {"path":"C:\\Projects\\movie-lobby-api\\src\\routes\\movies.ts","statementMap":{"0":{"start":{"line":1,"column":0},"end":{"line":1,"column":30}},"1":{"start":{"line":2,"column":0},"end":{"line":2,"column":null}},"2":{"start":{"line":10,"column":15},"end":{"line":10,"column":31}},"3":{"start":{"line":12,"column":0},"end":{"line":12,"column":33}},"4":{"start":{"line":13,"column":0},"end":{"line":13,"column":36}},"5":{"start":{"line":14,"column":0},"end":{"line":14,"column":33}},"6":{"start":{"line":15,"column":0},"end":{"line":15,"column":39}},"7":{"start":{"line":16,"column":0},"end":{"line":16,"column":42}},"8":{"start":{"line":18,"column":0},"end":{"line":18,"column":22}}},"fnMap":{},"branchMap":{},"s":{"0":1,"1":1,"2":1,"3":1,"4":1,"5":1,"6":1,"7":1,"8":1},"f":{},"b":{}}
}
