TN:
SF:src\app.ts
FNF:0
FNH:0
DA:1,1
DA:3,1
DA:4,1
DA:5,1
DA:7,1
DA:9,1
DA:11,1
DA:12,1
DA:14,1
DA:15,1
DA:18,1
DA:20,1
LF:12
LH:12
BRDA:12,0,0,1
BRDA:12,0,1,0
BRF:2
BRH:1
end_of_record
TN:
SF:src\controllers\movieController.ts
FN:4,(anonymous_8)
FN:4,(anonymous_9)
FN:13,(anonymous_10)
FN:13,(anonymous_11)
FN:28,(anonymous_12)
FN:28,(anonymous_13)
FN:43,(anonymous_14)
FN:43,(anonymous_15)
FN:63,(anonymous_16)
FN:63,(anonymous_17)
FNF:10
FNH:4
FNDA:1,(anonymous_8)
FNDA:1,(anonymous_9)
FNDA:0,(anonymous_10)
FNDA:0,(anonymous_11)
FNDA:2,(anonymous_12)
FNDA:2,(anonymous_13)
FNDA:0,(anonymous_14)
FNDA:0,(anonymous_15)
FNDA:0,(anonymous_16)
FNDA:0,(anonymous_17)
DA:2,1
DA:4,1
DA:5,1
DA:6,1
DA:7,1
DA:9,0
DA:13,1
DA:14,0
DA:15,0
DA:16,0
DA:22,0
DA:24,0
DA:28,2
DA:29,2
DA:30,1
DA:31,1
DA:33,1
DA:34,1
DA:35,1
DA:36,1
DA:37,1
DA:39,0
DA:43,1
DA:44,0
DA:45,0
DA:46,0
DA:48,0
DA:49,0
DA:50,0
DA:53,0
DA:54,0
DA:56,0
DA:59,0
DA:63,1
DA:65,0
DA:66,0
DA:67,0
DA:70,0
DA:71,0
DA:73,0
DA:76,0
DA:77,0
DA:78,0
DA:82,0
DA:85,0
LF:45
LH:17
BRDA:14,0,0,0
BRDA:14,0,1,0
BRDA:14,1,0,0
BRDA:14,1,1,0
BRDA:14,2,0,0
BRDA:14,2,1,0
BRDA:29,3,0,1
BRDA:29,4,0,2
BRDA:29,4,1,1
BRDA:44,5,0,0
BRDA:44,6,0,0
BRDA:44,6,1,0
BRDA:53,7,0,0
BRDA:53,7,1,0
BRDA:65,8,0,0
BRDA:65,9,0,0
BRDA:65,9,1,0
BRDA:76,10,0,0
BRF:18
BRH:3
end_of_record
TN:
SF:src\models\movie.ts
FNF:0
FNH:0
DA:1,2
DA:10,2
DA:17,2
LF:3
LH:3
BRF:0
BRH:0
end_of_record
TN:
SF:src\routes\movies.ts
FNF:0
FNH:0
DA:1,1
DA:2,1
DA:10,1
DA:12,1
DA:13,1
DA:14,1
DA:15,1
DA:16,1
DA:18,1
LF:9
LH:9
BRF:0
BRH:0
end_of_record
